<?xml version="1.0" encoding="UTF-8"?>
<!-- Generated by org.testng.reporters.JUnitReportReporter -->
<testsuite hostname="DESKTOP-8V15BLP" failures="0" tests="1" name="Com.Practice.Testscripts.LoginToSupplyChain" time="192.819" errors="0" timestamp="2023-07-12T12:51:40 IST" skipped="0">
  <testcase classname="Com.Practice.Testscripts.LoginToSupplyChain" name="loginAsAdminTest" time="192.819"/>
  <system-out/>
</testsuite> <!-- Com.Practice.Testscripts.LoginToSupplyChain -->
