<?xml version="1.0" encoding="UTF-8"?>
<!-- Generated by org.testng.reporters.JUnitReportReporter -->
<testsuite hostname="DESKTOP-8V15BLP" failures="0" tests="3" name="Com.Practice.Testscripts.LoginToSupplyChainTest" time="13.627" errors="0" timestamp="2023-07-13T10:47:28 IST" skipped="0">
  <testcase classname="Com.Practice.Testscripts.LoginToSupplyChainTest" name="openInstagramTest" time="3.723"/>
  <system-out/>
  <testcase classname="Com.Practice.Testscripts.LoginToSupplyChainTest" name="openFacebookTest" time="4.864"/>
  <system-out/>
  <testcase classname="Com.Practice.Testscripts.LoginToSupplyChainTest" name="openFlipkartTest" time="5.040"/>
  <system-out/>
</testsuite> <!-- Com.Practice.Testscripts.LoginToSupplyChainTest -->
